c:\_volatile\vdc-m_v1.2.5_2022.11.15\encoder\x64\debug\vc141.pdb
c:\_volatile\vdc-m_v1.2.5_2022.11.15\encoder\x64\debug\vc141.idb
c:\_volatile\vdc-m_v1.2.5_2022.11.15\encoder\x64\debug\syntaxelement.obj
c:\_volatile\vdc-m_v1.2.5_2022.11.15\encoder\x64\debug\ssm.obj
c:\_volatile\vdc-m_v1.2.5_2022.11.15\encoder\x64\debug\ratecontrol.obj
c:\_volatile\vdc-m_v1.2.5_2022.11.15\encoder\x64\debug\pps.obj
c:\_volatile\vdc-m_v1.2.5_2022.11.15\encoder\x64\debug\mppmode.obj
c:\_volatile\vdc-m_v1.2.5_2022.11.15\encoder\x64\debug\mppfmode.obj
c:\_volatile\vdc-m_v1.2.5_2022.11.15\encoder\x64\debug\mode.obj
c:\_volatile\vdc-m_v1.2.5_2022.11.15\encoder\x64\debug\misc.obj
c:\_volatile\vdc-m_v1.2.5_2022.11.15\encoder\x64\debug\intraprediction.obj
c:\_volatile\vdc-m_v1.2.5_2022.11.15\encoder\x64\debug\imagefileio.obj
c:\_volatile\vdc-m_v1.2.5_2022.11.15\encoder\x64\debug\flatnessdetection.obj
c:\_volatile\vdc-m_v1.2.5_2022.11.15\encoder\x64\debug\entropycoder.obj
c:\_volatile\vdc-m_v1.2.5_2022.11.15\encoder\x64\debug\enctop.obj
c:\_volatile\vdc-m_v1.2.5_2022.11.15\encoder\x64\debug\encodingparams.obj
c:\_volatile\vdc-m_v1.2.5_2022.11.15\encoder\x64\debug\debugmap.obj
c:\_volatile\vdc-m_v1.2.5_2022.11.15\encoder\x64\debug\bpsearchrange.obj
c:\_volatile\vdc-m_v1.2.5_2022.11.15\encoder\x64\debug\bpmode.obj
c:\_volatile\vdc-m_v1.2.5_2022.11.15\encoder\x64\debug\block.obj
c:\_volatile\vdc-m_v1.2.5_2022.11.15\encoder\x64\debug\bitstream.obj
c:\_volatile\vdc-m_v1.2.5_2022.11.15\encoder\x64\debug\bitfifo.obj
c:\_volatile\vdc-m_v1.2.5_2022.11.15\encoder\x64\debug\videoframe.obj
c:\_volatile\vdc-m_v1.2.5_2022.11.15\encoder\x64\debug\vdcmencoder.obj
c:\_volatile\vdc-m_v1.2.5_2022.11.15\encoder\x64\debug\transmode.obj
c:\_volatile\vdc-m_v1.2.5_2022.11.15\x64\debug\vdcm_encoder.ilk
c:\_volatile\vdc-m_v1.2.5_2022.11.15\x64\debug\vdcm_encoder.exe
c:\_volatile\vdc-m_v1.2.5_2022.11.15\x64\debug\vdcm_encoder.pdb
c:\_volatile\vdc-m_v1.2.5_2022.11.15\encoder\x64\debug\encoder.tlog\cl.command.1.tlog
c:\_volatile\vdc-m_v1.2.5_2022.11.15\encoder\x64\debug\encoder.tlog\cl.read.1.tlog
c:\_volatile\vdc-m_v1.2.5_2022.11.15\encoder\x64\debug\encoder.tlog\cl.write.1.tlog
c:\_volatile\vdc-m_v1.2.5_2022.11.15\encoder\x64\debug\encoder.tlog\link.command.1.tlog
c:\_volatile\vdc-m_v1.2.5_2022.11.15\encoder\x64\debug\encoder.tlog\link.read.1.tlog
c:\_volatile\vdc-m_v1.2.5_2022.11.15\encoder\x64\debug\encoder.tlog\link.write.1.tlog
